<html>
<head>
<title>TestNG:  RxR_HomeScreen</title>
<link href="../testng.css" rel="stylesheet" type="text/css" />
<link href="../my-testng.css" rel="stylesheet" type="text/css" />

<style type="text/css">
.log { display: none;} 
.stack-trace { display: none;} 
</style>
<script type="text/javascript">
<!--
function flip(e) {
  current = e.style.display;
  if (current == 'block') {
    e.style.display = 'none';
    return 0;
  }
  else {
    e.style.display = 'block';
    return 1;
  }
}

function toggleBox(szDivId, elem, msg1, msg2)
{
  var res = -1;  if (document.getElementById) {
    res = flip(document.getElementById(szDivId));
  }
  else if (document.all) {
    // this is the way old msie versions work
    res = flip(document.all[szDivId]);
  }
  if(elem) {
    if(res == 0) elem.innerHTML = msg1; else elem.innerHTML = msg2;
  }

}

function toggleAllBoxes() {
  if (document.getElementsByTagName) {
    d = document.getElementsByTagName('div');
    for (i = 0; i < d.length; i++) {
      if (d[i].className == 'log') {
        flip(d[i]);
      }
    }
  }
}

// -->
</script>

</head>
<body>
<h2 align='center'>RxR_HomeScreen</h2><table border='1' align="center">
<tr>
<td>Tests passed/Failed/Skipped:</td><td>0/2/0</td>
</tr><tr>
<td>Started on:</td><td>Wed Jan 11 21:42:26 CST 2017</td>
</tr>
<tr><td>Total time:</td><td>61 seconds (61185 ms)</td>
</tr><tr>
<td>Included groups:</td><td></td>
</tr><tr>
<td>Excluded groups:</td><td></td>
</tr>
</table><p/>
<small><i>(Hover the method name to see the test class name)</i></small><p/>
<table width='100%' border='1' class='invocation-failed'>
<tr><td colspan='4' align='center'><b>FAILED TESTS</b></td></tr>
<tr><td><b>Test method</b></td>
<td width="30%"><b>Exception</b></td>
<td width="10%"><b>Time (seconds)</b></td>
<td><b>Instance</b></td>
</tr>
<tr>
<td title='CucumberRunner.feature()'><b>feature</b><br>Test class: CucumberRunner<br>Test method: Runs Cucumber Feature<br>Parameters: Facebookreg</td>
<td><div><pre>cucumber.runtime.CucumberException: org.openqa.selenium.WebDriverException: Failed to connect to binary FirefoxBinary(C:\Program Files (x86)\Mozilla Firefox\firefox.exe) on port 7055; process output follows: 
1484192551083	addons.manager	DEBUG	Application has been upgraded
1484192551096	addons.xpi	DEBUG	startup
1484192551096	addons.xpi	DEBUG	Skipping unavailable install location app-system-local
1484192551096	addons.xpi	DEBUG	Skipping unavailable install location app-system-share
1484192551098	addons.xpi	DEBUG	Ignoring file entry whose name is not a valid add-on ID: C:\Users\fly2v\AppData\Local\Temp\anonymous1320797976506498250webdriver-profile\extensions\webdriver-staging
1484192551098	addons.xpi	DEBUG	checkForChanges
1484192551105	addons.xpi	DEBUG	Directory state JSON differs: cache [] state [{&quot;name&quot;:&quot;app-global&quot;,&quot;addons&quot;:{&quot;{972ce4c6-7e08-4474-a285-3208198ce6fd}&quot;:{&quot;descriptor&quot;:&quot;C:\\Program Files (x86)\\Mozilla Firefox\\browser\\extensions\\{972ce4c6-7e08-4474-a285-3208198ce6fd}&quot;,&quot;mtime&quot;:1482549752696,&quot;rdfTime&quot;:1402020940000}}},{&quot;name&quot;:&quot;app-profile&quot;,&quot;addons&quot;:{&quot;fxdriver@googlecode.com&quot;:{&quot;descriptor&quot;:&quot;C:\\Users\\fly2v\\AppData\\Local\\Temp\\anonymous1320797976506498250webdriver-profile\\extensions\\fxdriver@googlecode.com&quot;,&quot;mtime&quot;:1484192549863,&quot;rdfTime&quot;:1484192549790}}}]
1484192551109	addons.xpi-utils	DEBUG	Opening XPI database C:\Users\fly2v\AppData\Local\Temp\anonymous1320797976506498250webdriver-profile\extensions.json
1484192551110	addons.xpi	DEBUG	New add-on fxdriver@googlecode.com installed in app-profile
*** Blocklist::_loadBlocklistFromFile: blocklist is disabled
1484192551280	addons.xpi-utils	DEBUG	Make addon app-profile:fxdriver@googlecode.com visible
1484192551281	DeferredSave.extensions.json	DEBUG	Save changes
1484192551282	DeferredSave.extensions.json	DEBUG	Save changes
1484192551282	addons.xpi	DEBUG	New add-on {972ce4c6-7e08-4474-a285-3208198ce6fd} installed in app-global
1484192551283	addons.xpi-utils	DEBUG	Make addon app-global:{972ce4c6-7e08-4474-a285-3208198ce6fd} visible
1484192551283	DeferredSave.extensions.json	DEBUG	Save changes
1484192551283	DeferredSave.extensions.json	DEBUG	Save changes
1484192551287	addons.xpi	DEBUG	Updating database with changes to installed add-ons
1484192551287	addons.xpi-utils	DEBUG	Updating add-on states
1484192551287	addons.xpi-utils	DEBUG	Writing add-ons list
1484192553040	DeferredSave.extensions.json	DEBUG	Starting timer
1484192553093	DeferredSave.extensions.json	DEBUG	Starting write
1484192553171	DeferredSave.extensions.json	WARN	Write failed
1484192553171	addons.xpi-utils	WARN	Failed to save XPI database
System JS : ERROR (null):0 - uncaught exception: [object Object]
JavaScript error: chrome://fxdriver/content/server.js, line 61: NS_ERROR_XPC_CI_RETURNED_FAILURE: Component returned failure code: 0x80570015 (NS_ERROR_XPC_CI_RETURNED_FAILURE) [nsIJSCID.createInstance]
console.error: 
  Could not write session state file 
  C:\Users\fly2v\AppData\Local\Temp\anonymous1320797976506498250webdriver-profile\sessionstore.js
  Message: Win error 32 during operation move on file C:\Users\fly2v\AppData\Local\Temp\anonymous1320797976506498250webdriver-profile\sessionstore.js.tmp (The process cannot access the file because it is being used by another process.

)
JavaScript error: chrome://browser/content/urlbarBindings.xml, line 651: aUrl is undefined
1484192577468	addons.manager	DEBUG	shutdown
1484192577468	addons.xpi	DEBUG	shutdown
1484192577468	addons.xpi-utils	DEBUG	shutdown
1484192577469	DeferredSave.extensions.json	DEBUG	Save changes
1484192577470	DeferredSave.extensions.json	DEBUG	Flush called while data is dirty
1484192577476	DeferredSave.extensions.json	DEBUG	Starting write
1484192577511	DeferredSave.extensions.json	DEBUG	Write succeeded
1484192577511	addons.xpi-utils	DEBUG	XPI Database saved, setting schema version preference to 16
1484192577511	addons.xpi	DEBUG	Notifying XPI shutdown observers
1484192577515	addons.manager	DEBUG	Async provider shutdown done

Build info: version: &apos;2.52.0&apos;, revision: &apos;4c2593cfc3689a7fcd7be52549167e5ccc93ad28&apos;, time: &apos;2016-02-11 11:22:43&apos;
System info: host: &apos;LAPTOP-MTD81E0F&apos;, ip: &apos;192.168.0.25&apos;, os.name: &apos;Windows 10&apos;, os.arch: &apos;amd64&apos;, os.version: &apos;10.0&apos;, java.version: &apos;1.8.0_65&apos;
Driver info: driver.version: FirefoxDriver
	at cucumber.api.testng.TestNGCucumberRunner.runCucumber(TestNGCucumberRunner.java:69)
	at cucumber.api.testng.AbstractTestNGCucumberTests.feature(AbstractTestNGCucumberTests.java:21)
	at org.apache.maven.surefire.testng.TestNGExecutor.run(TestNGExecutor.java:281)
	at org.apache.maven.surefire.testng.TestNGXmlTestSuite.execute(TestNGXmlTestSuite.java:75)
	at org.apache.maven.surefire.testng.TestNGProvider.invoke(TestNGProvider.java:121)
	at org.apache.maven.surefire.booter.ForkedBooter.invokeProviderInSameClassLoader(ForkedBooter.java:290)
	at org.apache.maven.surefire.booter.ForkedBooter.runSuitesInProcess(ForkedBooter.java:242)
	at org.apache.maven.surefire.booter.ForkedBooter.main(ForkedBooter.java:121)
Caused by: org.openqa.selenium.WebDriverException: Failed to connect to binary FirefoxBinary(C:\Program Files (x86)\Mozilla Firefox\firefox.exe) on port 7055; process output follows: 
1484192551083	addons.manager	DEBUG	Application has been upgraded
1484192551096	addons.xpi	DEBUG	startup
1484192551096	addons.xpi	DEBUG	Skipping unavailable install location app-system-local
1484192551096	addons.xpi	DEBUG	Skipping unavailable install location app-system-share
1484192551098	addons.xpi	DEBUG	Ignoring file entry whose name is not a valid add-on ID: C:\Users\fly2v\AppData\Local\Temp\anonymous1320797976506498250webdriver-profile\extensions\webdriver-staging
1484192551098	addons.xpi	DEBUG	checkForChanges
1484192551105	addons.xpi	DEBUG	Directory state JSON differs: cache [] state [{&quot;name&quot;:&quot;app-global&quot;,&quot;addons&quot;:{&quot;{972ce4c6-7e08-4474-a285-3208198ce6fd}&quot;:{&quot;descriptor&quot;:&quot;C:\\Program Files (x86)\\Mozilla Firefox\\browser\\extensions\\{972ce4c6-7e08-4474-a285-3208198ce6fd}&quot;,&quot;mtime&quot;:1482549752696,&quot;rdfTime&quot;:1402020940000}}},{&quot;name&quot;:&quot;app-profile&quot;,&quot;addons&quot;:{&quot;fxdriver@googlecode.com&quot;:{&quot;descriptor&quot;:&quot;C:\\Users\\fly2v\\AppData\\Local\\Temp\\anonymous1320797976506498250webdriver-profile\\extensions\\fxdriver@googlecode.com&quot;,&quot;mtime&quot;:1484192549863,&quot;rdfTime&quot;:1484192549790}}}]
1484192551109	addons.xpi-utils	DEBUG	Opening XPI database C:\Users\fly2v\AppData\Local\Temp\anonymous1320797976506498250webdriver-profile\extensions.json
1484192551110	addons.xpi	DEBUG	New add-on fxdriver@googlecode.com installed in app-profile
*** Blocklist::_loadBlocklistFromFile: blocklist is disabled
1484192551280	addons.xpi-utils	DEBUG	Make addon app-profile:fxdriver@googlecode.com visible
1484192551281	DeferredSave.extensions.json	DEBUG	Save changes
1484192551282	DeferredSave.extensions.json	DEBUG	Save changes
1484192551282	addons.xpi	DEBUG	New add-on {972ce4c6-7e08-4474-a285-3208198ce6fd} installed in app-global
1484192551283	addons.xpi-utils	DEBUG	Make addon app-global:{972ce4c6-7e08-4474-a285-3208198ce6fd} visible
1484192551283	DeferredSave.extensions.json	DEBUG	Save changes
1484192551283	DeferredSave.extensions.json	DEBUG	Save changes
1484192551287	addons.xpi	DEBUG	Updating database with changes to installed add-ons
1484192551287	addons.xpi-utils	DEBUG	Updating add-on states
1484192551287	addons.xpi-utils	DEBUG	Writing add-ons list
1484192553040	DeferredSave.extensions.json	DEBUG	Starting timer
1484192553093	DeferredSave.extensions.json	DEBUG	Starting write
1484192553171	DeferredSave.extensions.json	WARN	Write failed
1484192553171	addons.xpi-utils	WARN	Failed to save XPI database
System JS : ERROR (null):0 - uncaught exception: [object Object]
JavaScript error: chrome://fxdriver/content/server.js, line 61: NS_ERROR_XPC_CI_RETURNED_FAILURE: Component returned failure code: 0x80570015 (NS_ERROR_XPC_CI_RETURNED_FAILURE) [nsIJSCID.createInstance]
console.error: 
  Could not write session state file 
  C:\Users\fly2v\AppData\Local\Temp\anonymous1320797976506498250webdriver-profile\sessionstore.js
  Message: Win error 32 during operation move on file C:\Users\fly2v\AppData\Local\Temp\anonymous1320797976506498250webdriver-profile\sessionstore.js.tmp (The process cannot access the file because it is being used by another process.

)
JavaScript error: chrome://browser/content/urlbarBindings.xml, line 651: aUrl is undefined
1484192577468	addons.manager	DEBUG	shutdown
1484192577468	addons.xpi	DEBUG	shutdown
1484192577468	addons.xpi-utils	DEBUG	shutdown
1484192577469	DeferredSave.extensions.json	DEBUG	Save changes
1484192577470	DeferredSave.extensions.json	DEBUG	Flush called while data is dirty
1484192577476	DeferredSave.extensions.json	DEBUG	Starting write
1484192577511	DeferredSave.extensions.json	DEBUG	Write succeeded
1484192577511	addons.xpi-utils	DEBUG	XPI Database saved, setting schema version preference to 16
1484192577511	addons.xpi	DEBUG	Notifying XPI shutdown observers
1484192577515	addons.manager	DEBUG	Async provider shutdown done

Build info: version: &apos;2.52.0&apos;, revision: &apos;4c2593cfc3689a7fcd7be52549167e5ccc93ad28&apos;, time: &apos;2016-02-11 11:22:43&apos;
System info: host: &apos;LAPTOP-MTD81E0F&apos;, ip: &apos;192.168.0.25&apos;, os.name: &apos;Windows 10&apos;, os.arch: &apos;amd64&apos;, os.version: &apos;10.0&apos;, java.version: &apos;1.8.0_65&apos;
Driver info: driver.version: FirefoxDriver
	at org.openqa.selenium.firefox.internal.NewProfileExtensionConnection.start(NewProfileExtensionConnection.java:125)
	at org.openqa.selenium.firefox.FirefoxDriver.startClient(FirefoxDriver.java:271)
	at org.openqa.selenium.remote.RemoteWebDriver.&lt;init&gt;(RemoteWebDriver.java:119)
	at org.openqa.selenium.firefox.FirefoxDriver.&lt;init&gt;(FirefoxDriver.java:216)
	at org.openqa.selenium.firefox.FirefoxDriver.&lt;init&gt;(FirefoxDriver.java:211)
	at org.openqa.selenium.firefox.FirefoxDriver.&lt;init&gt;(FirefoxDriver.java:207)
	at org.openqa.selenium.firefox.FirefoxDriver.&lt;init&gt;(FirefoxDriver.java:120)
	at com.rxr.framework.StepLibrary.Facebookreg.launch(Facebookreg.java:28)
	at com.rxr.framework.StepDefinition.FacebookregStep.user_navigates_to_facebook_login_page(FacebookregStep.java:17)
	at ?.Given user navigates to facebook login page(Facebooklogin.feature:5)
Caused by: org.openqa.selenium.firefox.NotConnectedException: Unable to connect to host 127.0.0.1 on port 7055 after 45000 ms. Firefox console output:
1484192551083	addons.manager	DEBUG	Application has been upgraded
1484192551096	addons.xpi	DEBUG	startup
1484192551096	addons.xpi	DEBUG	Skipping unavailable install location app-system-local
1484192551096	addons.xpi	DEBUG	Skipping unavailable install location app-system-share
1484192551098	addons.xpi	DEBUG	Ignoring file entry whose name is not a valid add-on ID: C:\Users\fly2v\AppData\Local\Temp\anonymous1320797976506498250webdriver-profile\extensions\webdriver-staging
1484192551098	addons.xpi	DEBUG	checkForChanges
1484192551105	addons.xpi	DEBUG	Directory state JSON differs: cache [] state [{&quot;name&quot;:&quot;app-global&quot;,&quot;addons&quot;:{&quot;{972ce4c6-7e08-4474-a285-3208198ce6fd}&quot;:{&quot;descriptor&quot;:&quot;C:\\Program Files (x86)\\Mozilla Firefox\\browser\\extensions\\{972ce4c6-7e08-4474-a285-3208198ce6fd}&quot;,&quot;mtime&quot;:1482549752696,&quot;rdfTime&quot;:1402020940000}}},{&quot;name&quot;:&quot;app-profile&quot;,&quot;addons&quot;:{&quot;fxdriver@googlecode.com&quot;:{&quot;descriptor&quot;:&quot;C:\\Users\\fly2v\\AppData\\Local\\Temp\\anonymous1320797976506498250webdriver-profile\\extensions\\fxdriver@googlecode.com&quot;,&quot;mtime&quot;:1484192549863,&quot;rdfTime&quot;:1484192549790}}}]
1484192551109	addons.xpi-utils	DEBUG	Opening XPI database C:\Users\fly2v\AppData\Local\Temp\anonymous1320797976506498250webdriver-profile\extensions.json
1484192551110	addons.xpi	DEBUG	New add-on fxdriver@googlecode.com installed in app-profile
*** Blocklist::_loadBlocklistFromFile: blocklist is disabled
1484192551280	addons.xpi-utils	DEBUG	Make addon app-profile:fxdriver@googlecode.com visible
1484192551281	DeferredSave.extensions.json	DEBUG	Save changes
1484192551282	DeferredSave.extensions.json	DEBUG	Save changes
1484192551282	addons.xpi	DEBUG	New add-on {972ce4c6-7e08-4474-a285-3208198ce6fd} installed in app-global
1484192551283	addons.xpi-utils	DEBUG	Make addon app-global:{972ce4c6-7e08-4474-a285-3208198ce6fd} visible
1484192551283	DeferredSave.extensions.json	DEBUG	Save changes
1484192551283	DeferredSave.extensions.json	DEBUG	Save changes
1484192551287	addons.xpi	DEBUG	Updating database with changes to installed add-ons
1484192551287	addons.xpi-utils	DEBUG	Updating add-on states
1484192551287	addons.xpi-utils	DEBUG	Writing add-ons list
1484192553040	DeferredSave.extensions.json	DEBUG	Starting timer
1484192553093	DeferredSave.extensions.json	DEBUG	Starting write
1484192553171	DeferredSave.extensions.json	WARN	Write failed
1484192553171	addons.xpi-utils	WARN	Failed to save XPI database
System JS : ERROR (null):0 - uncaught exception: [object Object]
JavaScript error: chrome://fxdriver/content/server.js, line 61: NS_ERROR_XPC_CI_RETURNED_FAILURE: Component returned failure code: 0x80570015 (NS_ERROR_XPC_CI_RETURNED_FAILURE) [nsIJSCID.createInstance]
console.error: 
  Could not write session state file 
  C:\Users\fly2v\AppData\Local\Temp\anonymous1320797976506498250webdriver-profile\sessionstore.js
  Message: Win error 32 during operation move on file C:\Users\fly2v\AppData\Local\Temp\anonymous1320797976506498250webdriver-profile\sessionstore.js.tmp (The process cannot access the file because it is being used by another process.

)
JavaScript error: chrome://browser/content/urlbarBindings.xml, line 651: aUrl is undefined
1484192577468	addons.manager	DEBUG	shutdown
1484192577468	addons.xpi	DEBUG	shutdown
1484192577468	addons.xpi-utils	DEBUG	shutdown
1484192577469	DeferredSave.extensions.json	DEBUG	Save changes
1484192577470	DeferredSave.extensions.json	DEBUG	Flush called while data is dirty
1484192577476	DeferredSave.extensions.json	DEBUG	Starting write
1484192577511	DeferredSave.extensions.json	DEBUG	Write succeeded
1484192577511	addons.xpi-utils	DEBUG	XPI Database saved, setting schema version preference to 16
1484192577511	addons.xpi	DEBUG	Notifying XPI shutdown observers
1484192577515	addons.manager	DEBUG	Async provider shutdown done

	at org.openqa.selenium.firefox.internal.NewProfileExtensionConnection.start(NewProfileExtensionConnection.java:113)
	at org.openqa.selenium.firefox.FirefoxDriver.startClient(FirefoxDriver.java:271)
	at org.openqa.selenium.remote.RemoteWebDriver.&lt;init&gt;(RemoteWebDriver.java:119)
	at org.openqa.selenium.firefox.FirefoxDriver.&lt;init&gt;(FirefoxDriver.java:216)
	at org.openqa.selenium.firefox.FirefoxDriver.&lt;init&gt;(FirefoxDriver.java:211)
	at org.openqa.selenium.firefox.FirefoxDriver.&lt;init&gt;(FirefoxDriver.java:207)
	at org.openqa.selenium.firefox.FirefoxDriver.&lt;init&gt;(FirefoxDriver.java:120)
	at com.rxr.framework.StepLibrary.Facebookreg.launch(Facebookreg.java:28)
	at com.rxr.framework.StepDefinition.FacebookregStep.user_navigates_to_facebook_login_page(FacebookregStep.java:17)
	at cucumber.runtime.Utils$1.call(Utils.java:37)
	at cucumber.runtime.Timeout.timeout(Timeout.java:13)
	at cucumber.runtime.Utils.invoke(Utils.java:31)
	at cucumber.runtime.java.JavaStepDefinition.execute(JavaStepDefinition.java:37)
	at cucumber.runtime.StepDefinitionMatch.runStep(StepDefinitionMatch.java:37)
	at cucumber.runtime.Runtime.runStep(Runtime.java:299)
	at cucumber.runtime.model.StepContainer.runStep(StepContainer.java:44)
	at cucumber.runtime.model.StepContainer.runSteps(StepContainer.java:39)
	at cucumber.runtime.model.CucumberScenario.run(CucumberScenario.java:44)
	at cucumber.runtime.model.CucumberFeature.run(CucumberFeature.java:165)
	at cucumber.api.testng.TestNGCucumberRunner.runCucumber(TestNGCucumberRunner.java:63)
	at cucumber.api.testng.AbstractTestNGCucumberTests.feature(AbstractTestNGCucumberTests.java:21)
	at org.apache.maven.surefire.testng.TestNGExecutor.run(TestNGExecutor.java:281)
	at org.apache.maven.surefire.testng.TestNGXmlTestSuite.execute(TestNGXmlTestSuite.java:75)
	at org.apache.maven.surefire.testng.TestNGProvider.invoke(TestNGProvider.java:121)
	at org.apache.maven.surefire.booter.ForkedBooter.invokeProviderInSameClassLoader(ForkedBooter.java:290)
	at org.apache.maven.surefire.booter.ForkedBooter.runSuitesInProcess(ForkedBooter.java:242)
	at org.apache.maven.surefire.booter.ForkedBooter.main(ForkedBooter.java:121)
... Removed 48 stack frames</pre></div><a href='#' onClick='toggleBox("stack-trace1103132232", this, "Click to show all stack frames", "Click to hide stack frames")'>Click to show all stack frames</a>
<div class='stack-trace' id='stack-trace1103132232'><pre>cucumber.runtime.CucumberException: org.openqa.selenium.WebDriverException: Failed to connect to binary FirefoxBinary(C:\Program Files (x86)\Mozilla Firefox\firefox.exe) on port 7055; process output follows: 
1484192551083	addons.manager	DEBUG	Application has been upgraded
1484192551096	addons.xpi	DEBUG	startup
1484192551096	addons.xpi	DEBUG	Skipping unavailable install location app-system-local
1484192551096	addons.xpi	DEBUG	Skipping unavailable install location app-system-share
1484192551098	addons.xpi	DEBUG	Ignoring file entry whose name is not a valid add-on ID: C:\Users\fly2v\AppData\Local\Temp\anonymous1320797976506498250webdriver-profile\extensions\webdriver-staging
1484192551098	addons.xpi	DEBUG	checkForChanges
1484192551105	addons.xpi	DEBUG	Directory state JSON differs: cache [] state [{&quot;name&quot;:&quot;app-global&quot;,&quot;addons&quot;:{&quot;{972ce4c6-7e08-4474-a285-3208198ce6fd}&quot;:{&quot;descriptor&quot;:&quot;C:\\Program Files (x86)\\Mozilla Firefox\\browser\\extensions\\{972ce4c6-7e08-4474-a285-3208198ce6fd}&quot;,&quot;mtime&quot;:1482549752696,&quot;rdfTime&quot;:1402020940000}}},{&quot;name&quot;:&quot;app-profile&quot;,&quot;addons&quot;:{&quot;fxdriver@googlecode.com&quot;:{&quot;descriptor&quot;:&quot;C:\\Users\\fly2v\\AppData\\Local\\Temp\\anonymous1320797976506498250webdriver-profile\\extensions\\fxdriver@googlecode.com&quot;,&quot;mtime&quot;:1484192549863,&quot;rdfTime&quot;:1484192549790}}}]
1484192551109	addons.xpi-utils	DEBUG	Opening XPI database C:\Users\fly2v\AppData\Local\Temp\anonymous1320797976506498250webdriver-profile\extensions.json
1484192551110	addons.xpi	DEBUG	New add-on fxdriver@googlecode.com installed in app-profile
*** Blocklist::_loadBlocklistFromFile: blocklist is disabled
1484192551280	addons.xpi-utils	DEBUG	Make addon app-profile:fxdriver@googlecode.com visible
1484192551281	DeferredSave.extensions.json	DEBUG	Save changes
1484192551282	DeferredSave.extensions.json	DEBUG	Save changes
1484192551282	addons.xpi	DEBUG	New add-on {972ce4c6-7e08-4474-a285-3208198ce6fd} installed in app-global
1484192551283	addons.xpi-utils	DEBUG	Make addon app-global:{972ce4c6-7e08-4474-a285-3208198ce6fd} visible
1484192551283	DeferredSave.extensions.json	DEBUG	Save changes
1484192551283	DeferredSave.extensions.json	DEBUG	Save changes
1484192551287	addons.xpi	DEBUG	Updating database with changes to installed add-ons
1484192551287	addons.xpi-utils	DEBUG	Updating add-on states
1484192551287	addons.xpi-utils	DEBUG	Writing add-ons list
1484192553040	DeferredSave.extensions.json	DEBUG	Starting timer
1484192553093	DeferredSave.extensions.json	DEBUG	Starting write
1484192553171	DeferredSave.extensions.json	WARN	Write failed
1484192553171	addons.xpi-utils	WARN	Failed to save XPI database
System JS : ERROR (null):0 - uncaught exception: [object Object]
JavaScript error: chrome://fxdriver/content/server.js, line 61: NS_ERROR_XPC_CI_RETURNED_FAILURE: Component returned failure code: 0x80570015 (NS_ERROR_XPC_CI_RETURNED_FAILURE) [nsIJSCID.createInstance]
console.error: 
  Could not write session state file 
  C:\Users\fly2v\AppData\Local\Temp\anonymous1320797976506498250webdriver-profile\sessionstore.js
  Message: Win error 32 during operation move on file C:\Users\fly2v\AppData\Local\Temp\anonymous1320797976506498250webdriver-profile\sessionstore.js.tmp (The process cannot access the file because it is being used by another process.
)
JavaScript error: chrome://browser/content/urlbarBindings.xml, line 651: aUrl is undefined
1484192577468	addons.manager	DEBUG	shutdown
1484192577468	addons.xpi	DEBUG	shutdown
1484192577468	addons.xpi-utils	DEBUG	shutdown
1484192577469	DeferredSave.extensions.json	DEBUG	Save changes
1484192577470	DeferredSave.extensions.json	DEBUG	Flush called while data is dirty
1484192577476	DeferredSave.extensions.json	DEBUG	Starting write
1484192577511	DeferredSave.extensions.json	DEBUG	Write succeeded
1484192577511	addons.xpi-utils	DEBUG	XPI Database saved, setting schema version preference to 16
1484192577511	addons.xpi	DEBUG	Notifying XPI shutdown observers
1484192577515	addons.manager	DEBUG	Async provider shutdown done

Build info: version: &apos;2.52.0&apos;, revision: &apos;4c2593cfc3689a7fcd7be52549167e5ccc93ad28&apos;, time: &apos;2016-02-11 11:22:43&apos;
System info: host: &apos;LAPTOP-MTD81E0F&apos;, ip: &apos;192.168.0.25&apos;, os.name: &apos;Windows 10&apos;, os.arch: &apos;amd64&apos;, os.version: &apos;10.0&apos;, java.version: &apos;1.8.0_65&apos;
Driver info: driver.version: FirefoxDriver
	at cucumber.api.testng.TestNGCucumberRunner.runCucumber(TestNGCucumberRunner.java:69)
	at cucumber.api.testng.AbstractTestNGCucumberTests.feature(AbstractTestNGCucumberTests.java:21)
	at sun.reflect.NativeMethodAccessorImpl.invoke0(Native Method)
	at sun.reflect.NativeMethodAccessorImpl.invoke(NativeMethodAccessorImpl.java:62)
	at sun.reflect.DelegatingMethodAccessorImpl.invoke(DelegatingMethodAccessorImpl.java:43)
	at java.lang.reflect.Method.invoke(Method.java:497)
	at org.testng.internal.MethodInvocationHelper.invokeMethod(MethodInvocationHelper.java:80)
	at org.testng.internal.Invoker.invokeMethod(Invoker.java:714)
	at org.testng.internal.Invoker.invokeTestMethod(Invoker.java:901)
	at org.testng.internal.Invoker.invokeTestMethods(Invoker.java:1231)
	at org.testng.internal.TestMethodWorker.invokeTestMethods(TestMethodWorker.java:127)
	at org.testng.internal.TestMethodWorker.run(TestMethodWorker.java:111)
	at org.testng.TestRunner.privateRun(TestRunner.java:767)
	at org.testng.TestRunner.run(TestRunner.java:617)
	at org.testng.SuiteRunner.runTest(SuiteRunner.java:334)
	at org.testng.SuiteRunner.runSequentially(SuiteRunner.java:329)
	at org.testng.SuiteRunner.privateRun(SuiteRunner.java:291)
	at org.testng.SuiteRunner.run(SuiteRunner.java:240)
	at org.testng.SuiteRunnerWorker.runSuite(SuiteRunnerWorker.java:52)
	at org.testng.SuiteRunnerWorker.run(SuiteRunnerWorker.java:86)
	at org.testng.TestNG.runSuitesSequentially(TestNG.java:1198)
	at org.testng.TestNG.runSuitesSequentially(TestNG.java:1194)
	at org.testng.TestNG.runSuitesLocally(TestNG.java:1123)
	at org.testng.TestNG.run(TestNG.java:1031)
	at org.apache.maven.surefire.testng.TestNGExecutor.run(TestNGExecutor.java:281)
	at org.apache.maven.surefire.testng.TestNGXmlTestSuite.execute(TestNGXmlTestSuite.java:75)
	at org.apache.maven.surefire.testng.TestNGProvider.invoke(TestNGProvider.java:121)
	at org.apache.maven.surefire.booter.ForkedBooter.invokeProviderInSameClassLoader(ForkedBooter.java:290)
	at org.apache.maven.surefire.booter.ForkedBooter.runSuitesInProcess(ForkedBooter.java:242)
	at org.apache.maven.surefire.booter.ForkedBooter.main(ForkedBooter.java:121)
Caused by: org.openqa.selenium.WebDriverException: Failed to connect to binary FirefoxBinary(C:\Program Files (x86)\Mozilla Firefox\firefox.exe) on port 7055; process output follows: 
1484192551083	addons.manager	DEBUG	Application has been upgraded
1484192551096	addons.xpi	DEBUG	startup
1484192551096	addons.xpi	DEBUG	Skipping unavailable install location app-system-local
1484192551096	addons.xpi	DEBUG	Skipping unavailable install location app-system-share
1484192551098	addons.xpi	DEBUG	Ignoring file entry whose name is not a valid add-on ID: C:\Users\fly2v\AppData\Local\Temp\anonymous1320797976506498250webdriver-profile\extensions\webdriver-staging
1484192551098	addons.xpi	DEBUG	checkForChanges
1484192551105	addons.xpi	DEBUG	Directory state JSON differs: cache [] state [{&quot;name&quot;:&quot;app-global&quot;,&quot;addons&quot;:{&quot;{972ce4c6-7e08-4474-a285-3208198ce6fd}&quot;:{&quot;descriptor&quot;:&quot;C:\\Program Files (x86)\\Mozilla Firefox\\browser\\extensions\\{972ce4c6-7e08-4474-a285-3208198ce6fd}&quot;,&quot;mtime&quot;:1482549752696,&quot;rdfTime&quot;:1402020940000}}},{&quot;name&quot;:&quot;app-profile&quot;,&quot;addons&quot;:{&quot;fxdriver@googlecode.com&quot;:{&quot;descriptor&quot;:&quot;C:\\Users\\fly2v\\AppData\\Local\\Temp\\anonymous1320797976506498250webdriver-profile\\extensions\\fxdriver@googlecode.com&quot;,&quot;mtime&quot;:1484192549863,&quot;rdfTime&quot;:1484192549790}}}]
1484192551109	addons.xpi-utils	DEBUG	Opening XPI database C:\Users\fly2v\AppData\Local\Temp\anonymous1320797976506498250webdriver-profile\extensions.json
1484192551110	addons.xpi	DEBUG	New add-on fxdriver@googlecode.com installed in app-profile
*** Blocklist::_loadBlocklistFromFile: blocklist is disabled
1484192551280	addons.xpi-utils	DEBUG	Make addon app-profile:fxdriver@googlecode.com visible
1484192551281	DeferredSave.extensions.json	DEBUG	Save changes
1484192551282	DeferredSave.extensions.json	DEBUG	Save changes
1484192551282	addons.xpi	DEBUG	New add-on {972ce4c6-7e08-4474-a285-3208198ce6fd} installed in app-global
1484192551283	addons.xpi-utils	DEBUG	Make addon app-global:{972ce4c6-7e08-4474-a285-3208198ce6fd} visible
1484192551283	DeferredSave.extensions.json	DEBUG	Save changes
1484192551283	DeferredSave.extensions.json	DEBUG	Save changes
1484192551287	addons.xpi	DEBUG	Updating database with changes to installed add-ons
1484192551287	addons.xpi-utils	DEBUG	Updating add-on states
1484192551287	addons.xpi-utils	DEBUG	Writing add-ons list
1484192553040	DeferredSave.extensions.json	DEBUG	Starting timer
1484192553093	DeferredSave.extensions.json	DEBUG	Starting write
1484192553171	DeferredSave.extensions.json	WARN	Write failed
1484192553171	addons.xpi-utils	WARN	Failed to save XPI database
System JS : ERROR (null):0 - uncaught exception: [object Object]
JavaScript error: chrome://fxdriver/content/server.js, line 61: NS_ERROR_XPC_CI_RETURNED_FAILURE: Component returned failure code: 0x80570015 (NS_ERROR_XPC_CI_RETURNED_FAILURE) [nsIJSCID.createInstance]
console.error: 
  Could not write session state file 
  C:\Users\fly2v\AppData\Local\Temp\anonymous1320797976506498250webdriver-profile\sessionstore.js
  Message: Win error 32 during operation move on file C:\Users\fly2v\AppData\Local\Temp\anonymous1320797976506498250webdriver-profile\sessionstore.js.tmp (The process cannot access the file because it is being used by another process.
)
JavaScript error: chrome://browser/content/urlbarBindings.xml, line 651: aUrl is undefined
1484192577468	addons.manager	DEBUG	shutdown
1484192577468	addons.xpi	DEBUG	shutdown
1484192577468	addons.xpi-utils	DEBUG	shutdown
1484192577469	DeferredSave.extensions.json	DEBUG	Save changes
1484192577470	DeferredSave.extensions.json	DEBUG	Flush called while data is dirty
1484192577476	DeferredSave.extensions.json	DEBUG	Starting write
1484192577511	DeferredSave.extensions.json	DEBUG	Write succeeded
1484192577511	addons.xpi-utils	DEBUG	XPI Database saved, setting schema version preference to 16
1484192577511	addons.xpi	DEBUG	Notifying XPI shutdown observers
1484192577515	addons.manager	DEBUG	Async provider shutdown done

Build info: version: &apos;2.52.0&apos;, revision: &apos;4c2593cfc3689a7fcd7be52549167e5ccc93ad28&apos;, time: &apos;2016-02-11 11:22:43&apos;
System info: host: &apos;LAPTOP-MTD81E0F&apos;, ip: &apos;192.168.0.25&apos;, os.name: &apos;Windows 10&apos;, os.arch: &apos;amd64&apos;, os.version: &apos;10.0&apos;, java.version: &apos;1.8.0_65&apos;
Driver info: driver.version: FirefoxDriver
	at org.openqa.selenium.firefox.internal.NewProfileExtensionConnection.start(NewProfileExtensionConnection.java:125)
	at org.openqa.selenium.firefox.FirefoxDriver.startClient(FirefoxDriver.java:271)
	at org.openqa.selenium.remote.RemoteWebDriver.&lt;init&gt;(RemoteWebDriver.java:119)
	at org.openqa.selenium.firefox.FirefoxDriver.&lt;init&gt;(FirefoxDriver.java:216)
	at org.openqa.selenium.firefox.FirefoxDriver.&lt;init&gt;(FirefoxDriver.java:211)
	at org.openqa.selenium.firefox.FirefoxDriver.&lt;init&gt;(FirefoxDriver.java:207)
	at org.openqa.selenium.firefox.FirefoxDriver.&lt;init&gt;(FirefoxDriver.java:120)
	at com.rxr.framework.StepLibrary.Facebookreg.launch(Facebookreg.java:28)
	at com.rxr.framework.StepDefinition.FacebookregStep.user_navigates_to_facebook_login_page(FacebookregStep.java:17)
	at ?.Given user navigates to facebook login page(Facebooklogin.feature:5)
Caused by: org.openqa.selenium.firefox.NotConnectedException: Unable to connect to host 127.0.0.1 on port 7055 after 45000 ms. Firefox console output:
1484192551083	addons.manager	DEBUG	Application has been upgraded
1484192551096	addons.xpi	DEBUG	startup
1484192551096	addons.xpi	DEBUG	Skipping unavailable install location app-system-local
1484192551096	addons.xpi	DEBUG	Skipping unavailable install location app-system-share
1484192551098	addons.xpi	DEBUG	Ignoring file entry whose name is not a valid add-on ID: C:\Users\fly2v\AppData\Local\Temp\anonymous1320797976506498250webdriver-profile\extensions\webdriver-staging
1484192551098	addons.xpi	DEBUG	checkForChanges
1484192551105	addons.xpi	DEBUG	Directory state JSON differs: cache [] state [{&quot;name&quot;:&quot;app-global&quot;,&quot;addons&quot;:{&quot;{972ce4c6-7e08-4474-a285-3208198ce6fd}&quot;:{&quot;descriptor&quot;:&quot;C:\\Program Files (x86)\\Mozilla Firefox\\browser\\extensions\\{972ce4c6-7e08-4474-a285-3208198ce6fd}&quot;,&quot;mtime&quot;:1482549752696,&quot;rdfTime&quot;:1402020940000}}},{&quot;name&quot;:&quot;app-profile&quot;,&quot;addons&quot;:{&quot;fxdriver@googlecode.com&quot;:{&quot;descriptor&quot;:&quot;C:\\Users\\fly2v\\AppData\\Local\\Temp\\anonymous1320797976506498250webdriver-profile\\extensions\\fxdriver@googlecode.com&quot;,&quot;mtime&quot;:1484192549863,&quot;rdfTime&quot;:1484192549790}}}]
1484192551109	addons.xpi-utils	DEBUG	Opening XPI database C:\Users\fly2v\AppData\Local\Temp\anonymous1320797976506498250webdriver-profile\extensions.json
1484192551110	addons.xpi	DEBUG	New add-on fxdriver@googlecode.com installed in app-profile
*** Blocklist::_loadBlocklistFromFile: blocklist is disabled
1484192551280	addons.xpi-utils	DEBUG	Make addon app-profile:fxdriver@googlecode.com visible
1484192551281	DeferredSave.extensions.json	DEBUG	Save changes
1484192551282	DeferredSave.extensions.json	DEBUG	Save changes
1484192551282	addons.xpi	DEBUG	New add-on {972ce4c6-7e08-4474-a285-3208198ce6fd} installed in app-global
1484192551283	addons.xpi-utils	DEBUG	Make addon app-global:{972ce4c6-7e08-4474-a285-3208198ce6fd} visible
1484192551283	DeferredSave.extensions.json	DEBUG	Save changes
1484192551283	DeferredSave.extensions.json	DEBUG	Save changes
1484192551287	addons.xpi	DEBUG	Updating database with changes to installed add-ons
1484192551287	addons.xpi-utils	DEBUG	Updating add-on states
1484192551287	addons.xpi-utils	DEBUG	Writing add-ons list
1484192553040	DeferredSave.extensions.json	DEBUG	Starting timer
1484192553093	DeferredSave.extensions.json	DEBUG	Starting write
1484192553171	DeferredSave.extensions.json	WARN	Write failed
1484192553171	addons.xpi-utils	WARN	Failed to save XPI database
System JS : ERROR (null):0 - uncaught exception: [object Object]
JavaScript error: chrome://fxdriver/content/server.js, line 61: NS_ERROR_XPC_CI_RETURNED_FAILURE: Component returned failure code: 0x80570015 (NS_ERROR_XPC_CI_RETURNED_FAILURE) [nsIJSCID.createInstance]
console.error: 
  Could not write session state file 
  C:\Users\fly2v\AppData\Local\Temp\anonymous1320797976506498250webdriver-profile\sessionstore.js
  Message: Win error 32 during operation move on file C:\Users\fly2v\AppData\Local\Temp\anonymous1320797976506498250webdriver-profile\sessionstore.js.tmp (The process cannot access the file because it is being used by another process.
)
JavaScript error: chrome://browser/content/urlbarBindings.xml, line 651: aUrl is undefined
1484192577468	addons.manager	DEBUG	shutdown
1484192577468	addons.xpi	DEBUG	shutdown
1484192577468	addons.xpi-utils	DEBUG	shutdown
1484192577469	DeferredSave.extensions.json	DEBUG	Save changes
1484192577470	DeferredSave.extensions.json	DEBUG	Flush called while data is dirty
1484192577476	DeferredSave.extensions.json	DEBUG	Starting write
1484192577511	DeferredSave.extensions.json	DEBUG	Write succeeded
1484192577511	addons.xpi-utils	DEBUG	XPI Database saved, setting schema version preference to 16
1484192577511	addons.xpi	DEBUG	Notifying XPI shutdown observers
1484192577515	addons.manager	DEBUG	Async provider shutdown done

	at org.openqa.selenium.firefox.internal.NewProfileExtensionConnection.start(NewProfileExtensionConnection.java:113)
	at org.openqa.selenium.firefox.FirefoxDriver.startClient(FirefoxDriver.java:271)
	at org.openqa.selenium.remote.RemoteWebDriver.&lt;init&gt;(RemoteWebDriver.java:119)
	at org.openqa.selenium.firefox.FirefoxDriver.&lt;init&gt;(FirefoxDriver.java:216)
	at org.openqa.selenium.firefox.FirefoxDriver.&lt;init&gt;(FirefoxDriver.java:211)
	at org.openqa.selenium.firefox.FirefoxDriver.&lt;init&gt;(FirefoxDriver.java:207)
	at org.openqa.selenium.firefox.FirefoxDriver.&lt;init&gt;(FirefoxDriver.java:120)
	at com.rxr.framework.StepLibrary.Facebookreg.launch(Facebookreg.java:28)
	at com.rxr.framework.StepDefinition.FacebookregStep.user_navigates_to_facebook_login_page(FacebookregStep.java:17)
	at sun.reflect.NativeMethodAccessorImpl.invoke0(Native Method)
	at sun.reflect.NativeMethodAccessorImpl.invoke(NativeMethodAccessorImpl.java:62)
	at sun.reflect.DelegatingMethodAccessorImpl.invoke(DelegatingMethodAccessorImpl.java:43)
	at java.lang.reflect.Method.invoke(Method.java:497)
	at cucumber.runtime.Utils$1.call(Utils.java:37)
	at cucumber.runtime.Timeout.timeout(Timeout.java:13)
	at cucumber.runtime.Utils.invoke(Utils.java:31)
	at cucumber.runtime.java.JavaStepDefinition.execute(JavaStepDefinition.java:37)
	at cucumber.runtime.StepDefinitionMatch.runStep(StepDefinitionMatch.java:37)
	at cucumber.runtime.Runtime.runStep(Runtime.java:299)
	at cucumber.runtime.model.StepContainer.runStep(StepContainer.java:44)
	at cucumber.runtime.model.StepContainer.runSteps(StepContainer.java:39)
	at cucumber.runtime.model.CucumberScenario.run(CucumberScenario.java:44)
	at cucumber.runtime.model.CucumberFeature.run(CucumberFeature.java:165)
	at cucumber.api.testng.TestNGCucumberRunner.runCucumber(TestNGCucumberRunner.java:63)
	at cucumber.api.testng.AbstractTestNGCucumberTests.feature(AbstractTestNGCucumberTests.java:21)
	at sun.reflect.NativeMethodAccessorImpl.invoke0(Native Method)
	at sun.reflect.NativeMethodAccessorImpl.invoke(NativeMethodAccessorImpl.java:62)
	at sun.reflect.DelegatingMethodAccessorImpl.invoke(DelegatingMethodAccessorImpl.java:43)
	at java.lang.reflect.Method.invoke(Method.java:497)
	at org.testng.internal.MethodInvocationHelper.invokeMethod(MethodInvocationHelper.java:80)
	at org.testng.internal.Invoker.invokeMethod(Invoker.java:714)
	at org.testng.internal.Invoker.invokeTestMethod(Invoker.java:901)
	at org.testng.internal.Invoker.invokeTestMethods(Invoker.java:1231)
	at org.testng.internal.TestMethodWorker.invokeTestMethods(TestMethodWorker.java:127)
	at org.testng.internal.TestMethodWorker.run(TestMethodWorker.java:111)
	at org.testng.TestRunner.privateRun(TestRunner.java:767)
	at org.testng.TestRunner.run(TestRunner.java:617)
	at org.testng.SuiteRunner.runTest(SuiteRunner.java:334)
	at org.testng.SuiteRunner.runSequentially(SuiteRunner.java:329)
	at org.testng.SuiteRunner.privateRun(SuiteRunner.java:291)
	at org.testng.SuiteRunner.run(SuiteRunner.java:240)
	at org.testng.SuiteRunnerWorker.runSuite(SuiteRunnerWorker.java:52)
	at org.testng.SuiteRunnerWorker.run(SuiteRunnerWorker.java:86)
	at org.testng.TestNG.runSuitesSequentially(TestNG.java:1198)
	at org.testng.TestNG.runSuitesSequentially(TestNG.java:1194)
	at org.testng.TestNG.runSuitesLocally(TestNG.java:1123)
	at org.testng.TestNG.run(TestNG.java:1031)
	at org.apache.maven.surefire.testng.TestNGExecutor.run(TestNGExecutor.java:281)
	at org.apache.maven.surefire.testng.TestNGXmlTestSuite.execute(TestNGXmlTestSuite.java:75)
	at org.apache.maven.surefire.testng.TestNGProvider.invoke(TestNGProvider.java:121)
	at org.apache.maven.surefire.booter.ForkedBooter.invokeProviderInSameClassLoader(ForkedBooter.java:290)
	at org.apache.maven.surefire.booter.ForkedBooter.runSuitesInProcess(ForkedBooter.java:242)
	at org.apache.maven.surefire.booter.ForkedBooter.main(ForkedBooter.java:121)
</pre></div></td>
<td>48</td>
<td>CucumberRunner@337d0578</td></tr>
<tr>
<td title='CucumberRunner.feature()'><b>feature</b><br>Test class: CucumberRunner<br>Test method: Runs Cucumber Feature<br>Parameters: Gmailreg</td>
<td><div><pre>cucumber.runtime.CucumberException: junit.framework.AssertionFailedError
	at cucumber.api.testng.TestNGCucumberRunner.runCucumber(TestNGCucumberRunner.java:69)
	at cucumber.api.testng.AbstractTestNGCucumberTests.feature(AbstractTestNGCucumberTests.java:21)
	at org.apache.maven.surefire.testng.TestNGExecutor.run(TestNGExecutor.java:281)
	at org.apache.maven.surefire.testng.TestNGXmlTestSuite.execute(TestNGXmlTestSuite.java:75)
	at org.apache.maven.surefire.testng.TestNGProvider.invoke(TestNGProvider.java:121)
	at org.apache.maven.surefire.booter.ForkedBooter.invokeProviderInSameClassLoader(ForkedBooter.java:290)
	at org.apache.maven.surefire.booter.ForkedBooter.runSuitesInProcess(ForkedBooter.java:242)
	at org.apache.maven.surefire.booter.ForkedBooter.main(ForkedBooter.java:121)
Caused by: junit.framework.AssertionFailedError
	at junit.framework.Assert.fail(Assert.java:48)
	at junit.framework.Assert.assertTrue(Assert.java:20)
	at junit.framework.Assert.assertTrue(Assert.java:27)
	at com.rxr.framework.StepLibrary.GmailLogin.loginverify(GmailLogin.java:36)
	at com.rxr.framework.StepDefinition.GmailLoginStep.user_should_be_able_login(GmailLoginStep.java:27)
	at ?.Then user should be able login(Gmailreg.feature:7)
... Removed 22 stack frames</pre></div><a href='#' onClick='toggleBox("stack-trace565079667", this, "Click to show all stack frames", "Click to hide stack frames")'>Click to show all stack frames</a>
<div class='stack-trace' id='stack-trace565079667'><pre>cucumber.runtime.CucumberException: junit.framework.AssertionFailedError
	at cucumber.api.testng.TestNGCucumberRunner.runCucumber(TestNGCucumberRunner.java:69)
	at cucumber.api.testng.AbstractTestNGCucumberTests.feature(AbstractTestNGCucumberTests.java:21)
	at sun.reflect.NativeMethodAccessorImpl.invoke0(Native Method)
	at sun.reflect.NativeMethodAccessorImpl.invoke(NativeMethodAccessorImpl.java:62)
	at sun.reflect.DelegatingMethodAccessorImpl.invoke(DelegatingMethodAccessorImpl.java:43)
	at java.lang.reflect.Method.invoke(Method.java:497)
	at org.testng.internal.MethodInvocationHelper.invokeMethod(MethodInvocationHelper.java:80)
	at org.testng.internal.Invoker.invokeMethod(Invoker.java:714)
	at org.testng.internal.Invoker.invokeTestMethod(Invoker.java:901)
	at org.testng.internal.Invoker.invokeTestMethods(Invoker.java:1231)
	at org.testng.internal.TestMethodWorker.invokeTestMethods(TestMethodWorker.java:127)
	at org.testng.internal.TestMethodWorker.run(TestMethodWorker.java:111)
	at org.testng.TestRunner.privateRun(TestRunner.java:767)
	at org.testng.TestRunner.run(TestRunner.java:617)
	at org.testng.SuiteRunner.runTest(SuiteRunner.java:334)
	at org.testng.SuiteRunner.runSequentially(SuiteRunner.java:329)
	at org.testng.SuiteRunner.privateRun(SuiteRunner.java:291)
	at org.testng.SuiteRunner.run(SuiteRunner.java:240)
	at org.testng.SuiteRunnerWorker.runSuite(SuiteRunnerWorker.java:52)
	at org.testng.SuiteRunnerWorker.run(SuiteRunnerWorker.java:86)
	at org.testng.TestNG.runSuitesSequentially(TestNG.java:1198)
	at org.testng.TestNG.runSuitesSequentially(TestNG.java:1194)
	at org.testng.TestNG.runSuitesLocally(TestNG.java:1123)
	at org.testng.TestNG.run(TestNG.java:1031)
	at org.apache.maven.surefire.testng.TestNGExecutor.run(TestNGExecutor.java:281)
	at org.apache.maven.surefire.testng.TestNGXmlTestSuite.execute(TestNGXmlTestSuite.java:75)
	at org.apache.maven.surefire.testng.TestNGProvider.invoke(TestNGProvider.java:121)
	at org.apache.maven.surefire.booter.ForkedBooter.invokeProviderInSameClassLoader(ForkedBooter.java:290)
	at org.apache.maven.surefire.booter.ForkedBooter.runSuitesInProcess(ForkedBooter.java:242)
	at org.apache.maven.surefire.booter.ForkedBooter.main(ForkedBooter.java:121)
Caused by: junit.framework.AssertionFailedError
	at junit.framework.Assert.fail(Assert.java:48)
	at junit.framework.Assert.assertTrue(Assert.java:20)
	at junit.framework.Assert.assertTrue(Assert.java:27)
	at com.rxr.framework.StepLibrary.GmailLogin.loginverify(GmailLogin.java:36)
	at com.rxr.framework.StepDefinition.GmailLoginStep.user_should_be_able_login(GmailLoginStep.java:27)
	at ?.Then user should be able login(Gmailreg.feature:7)
</pre></div></td>
<td>11</td>
<td>CucumberRunner@337d0578</td></tr>
</table><p>
</body>
</html>